1628240027598	geckodriver	INFO	Listening on 127.0.0.1:63600
1628240030689	mozrunner::runner	INFO	Running command: "C:\\Program Files\\Mozilla Firefox\\firefox.exe" "--marionette" "-foreground" "-no-remote" "-profile" "C:\\Users\\Asus\\AppData\\Local\\Temp\\rust_mozprofilebZAXjb"
1628240031516	Marionette	INFO	Marionette enabled
console.warn: SearchSettings: "get: No settings file exists, new profile?" (new NotFoundError("Could not open the file at C:\\Users\\Asus\\AppData\\Local\\Temp\\rust_mozprofilebZAXjb\\search.json.mozlz4", (void 0)))
1628240036333	Marionette	INFO	Listening on port 63608
1628240036920	Marionette	WARN	TLS certificate errors will be ignored for this session
1628240193113	Marionette	INFO	Stopped listening on port 63608
8240188993	mozrunner::runner	INFO	Running command: "C:\\Program Files\\Mozilla Firefox\\firefox.exe" "--marionette" "-foreground" "-no-remote" "-profile" "C:\\Users\\Asus\\AppData\\Local\\Temp\\rust_mozprofileR5QBTF"
1628240189392	Marionette	INFO	Marionette enabled
console.warn: SearchSettings: "get: No settings file exists, new profile?" (new NotFoundError("Could not open the file at C:\\Users\\Asus\\AppData\\Local\\Temp\\rust_mozprofileR5QBTF\\search.json.mozlz4", (void 0)))
1628240192072	Marionette	INFO	Listening on port 63663
1628240192166	Marionette	WARN	TLS certificate errors will be ignored for this session
console.error: services.settings: 
  main/doh-providers Signature failed  InvalidSignatureError: Invalid content signature (main/doh-providers)
console.error: services.settings: 
  main/doh-providers local data was corrupted
console.warn: services.settings: main/doh-providers Signature verified failed. Retry from scratch
console.error: services.settings: 
  main/doh-config Signature failed  InvalidSignatureError: Invalid content signature (main/doh-config)
console.error: services.settings: 
  main/doh-config local data was corrupted
console.warn: services.settings: main/doh-config Signature verified failed. Retry from scratch
console.log: WebExtensions: reset-default-search: starting.
console.log: WebExtensions: reset-default-search: No addons in our list are installed.

###!!! [Parent][RunMessage] Error: Channel closing: too late to send/recv, messages will be lost


###!!! [Parent][RunMessage] Error: Channel closing: too late to send/recv, messages will be lost


###!!! [Parent][RunMessage] Error: Channel closing: too late to send/recv, messages will be lost


###!!! [Parent][MessageChannel] Error: (msgtype=0x390079,name=PContent::Msg_DestroyBrowsingContextGroup) Closed channel: cannot send/recv


###!!! [Child][MessageChannel] Error: (msgtype=0x690023,name=PNecko::Msg_RemoveRequestContext) Channel closing: too late to send/recv, messages will be lost

1628242118272	Marionette	INFO	Stopped listening on port 63663

###!!! [Child][RunMessage] Error: Channel closing: too late to send/recv, messages will be lost

AppData\\Local\\Temp\\rust_mozprofileV2uRk4\\search.json.mozlz4", (void 0)))
1628242118536	Marionette	INFO	Listening on port 56058
1628242118803	Marionette	WARN	TLS certificate errors will be ignored for this session
JavaScript error: resource://gre/actors/AutoCompleteChild.jsm, line 125: Error: Invalid autocomplete selectedIndex
JavaScript error: resource://gre/actors/AutoCompleteChild.jsm, line 125: Error: Invalid autocomplete selectedIndex
JavaScript error: resource://gre/modules/LoginManagerChild.jsm, line 194: NS_ERROR_XPC_JAVASCRIPT_ERROR_WITH_DETAILS: [JavaScript Error: "Invalid autocomplete selectedIndex" {file: "resource://gre/actors/AutoCompleteChild.jsm" line: 125}]'[JavaScript Error: "Invalid autocomplete selectedIndex" {file: "resource://gre/actors/AutoCompleteChild.jsm" line: 125}]' when calling method: [nsIAutoCompletePopup::selectedIndex]
1628242158276	Marionette	INFO	Stopped listening on port 56058
1628242265886	geckodriver	INFO	Listening on 127.0.0.1:56156
1628242268936	mozrunner::runner	INFO	Running command: "C:\\Program Files\\Mozilla Firefox\\firefox.exe" "--marionette" "-foreground" "-no-remote" "-profile" "C:\\Users\\Asus\\AppData\\Local\\Temp\\rust_mozprofiledaMmBF"
1628242269295	Marionette	INFO	Marionette enabled
console.warn: SearchSettings: "get: No settings file exists, new profile?" (new NotFoundError("Could not open the file at C:\\Users\\Asus\\AppData\\Local\\Temp\\rust_mozprofiledaMmBF\\search.json.mozlz4", (void 0)))
1628242272179	Marionette	INFO	Listening on port 56164
1628242272641	Marionette	WARN	TLS certificate errors will be ignored for this session
console.warn: LoginRecipes: "getRecipes: falling back to a synchronous message for:" "https://twitter.com"
1628242335123	Marionette	INFO	Stopped listening on port 56164

###!!! [Child][RunMessage] Error: Channel closing: too late to send/recv, messages will be lost

"--marionette" "-foreground" "-no-remote" "-profile" "C:\\Users\\Asus\\AppData\\Local\\Temp\\rust_mozprofileAsVaUV"
1628242329646	Marionette	INFO	Marionette enabled
console.warn: SearchSettings: "get: No settings file exists, new profile?" (new NotFoundError("Could not open the file at C:\\Users\\Asus\\AppData\\Local\\Temp\\rust_mozprofileAsVaUV\\search.json.mozlz4", (void 0)))
1628242332325	Marionette	INFO	Listening on port 56237
1628242332424	Marionette	WARN	TLS certificate errors will be ignored for this session

###!!! [Child][MessageChannel] Error: (msgtype=0x690023,na1628242350020	mozrunner::runner	INFO	Running command: "C:\\Program Files\\Mozilla Firefox\\firefox.exe" "--marionette" "-foreground" "-no-remote" "-profile" "C:\\Users\\Asus\\AppData\\Local\\Temp\\rust_mozprofileXjKFHI"
1628242350529	Marionette	INFO	Marionette enabled
console.warn: SearchSettings: "get: No settings file exists, new profile?" (new NotFoundError("Could not open the file at C:\\Users\\Asus\\AppData\\Local\\Temp\\rust_mozprofileXjKFHI\\search.json.mozlz4", (void 0)))
1628242354048	Marionette	INFO	Listening on port 56311
1628242354231	Marionette	WARN	TLS certificate errors will be ignored for this session

###!!! [Parent][RunMessage] Error: Channel closing: too late to send/recv, messages will be lost

console.error: services.settings: 
  main/doh-providers Signature failed  InvalidSignatureError: Invalid content signature (main/doh-providers)
console.error: services.settings: 
  main/doh-providers local data was corrupted
console.warn: services.settings: main/doh-providers Signature verified failed. Retry from scratch
console.error: services.settings: 
  main/doh-config Signature failed  InvalidSignatureError: Invalid content signature (main/doh-config)
console.error: services.settings: 
  main/doh-config local data was corrupted
console.warn: services.settings: main/doh-config Signature verified failed. Retry from scratch
console.log: WebExtensions: reset-default-search: starting.
console.log: WebExtensions: reset-default-search: No addons in our list are installed.

###!!! [Parent][RunMessage] Error: Channel closing: too late to send/recv, messages will be lost

1628243436318	Marionette	INFO	Stopped listening on port 56311

###!!! [Child][RunMessage] Error: Channel closing: too late to send/recv, messages will be lost

recv, messages will be lost

1628242464671	Marionette	INFO	Stopped listening on port 56450

###!!! [Child][RunMessage] Error: Channel closing: too late to send/recv, messages will be lost

1628242491038	geckodriver	INFO	Listening on 127.0.0.1:56526
1628242494083	mozrunner::runner	INFO	Running command: "C:\\Program Files\\Mozilla Firefox\\firefox.exe" "--marionette" "-foreground" "-no-remote" "-profile" "C:\\Users\\Asus\\AppData\\Local\\Temp\\rust_mozprofilevEZQId"
1628242494594	Marionette	INFO	Marionette enabled
console.warn: SearchSettings: "get: No settings file exists, new profile?" (new NotFoundError("Could not open the file at C:\\Users\\Asus\\AppData\\Local\\Temp\\rust_mozprofilevEZQId\\search.json.mozlz4", (void 0)))
1628242500631	Marionette	INFO	Listening on port 56534
1628242501751	Marionette	WARN	TLS certificate errors will be ignored for this session

###!!! [Child][RunMessage] Error: Channel closing: too late to send/recv, messages will be lost


###!!! [Child][RunMessage] Error: Channel closing: too late to send/recv, messages will be lost

1628242535211	Marionette	INFO	Stopped listening on port 56534

###!!! [Child][RunMessage] Error: Channel closing: too late to send/recv, messages will be lost

No settings file exists, new profile?" (new NotFoundError("Could not open the file at C:\\Users\\Asus\\AppData\\Local\\Temp\\rust_mozprofileYjUT84\\search.json.mozlz4", (void 0)))
1628242534360	Marionette	INFO	Listening on port 56620
1628242534515	Marionette	WARN	TLS certificate errors will be ignored for this session
[Child 9320, MediaDecoderStateMachine #1] WARNING: 242e04ea900 Could not set cubeb stream name.: file /builds/worker/checkouts/gecko/dom/media/AudioStream.cpp:367
[Child 9320, MediaDecoderStateMachine #1] WARNING: 242d6dcbba0 Could not set cubeb stream name.: file /builds/worker/checkouts/gecko/dom/media/AudioStream.cpp:367
[Child 9320, MediaDecoderStateMachine #1] WARNING: 242d6dcbba0 Could not set cubeb stream name.: file /builds/worker/checkouts/gecko/dom/media/AudioStream.cpp:367
[Child 9320, MediaDecoderStateMachine #1] WARNING: 242cdb04e40 Could not set cubeb stream name.: file /builds/worker/checkouts/gecko/dom/media/AudioStream.cpp:367
[Child 9320, MediaDecoderStateMachine #1] WARNING: 242cdb04e40 Could not set cubeb stream name.: file /builds/worker/checkouts/gecko/dom/media/AudioStream.cpp:367
[Child 9320, MediaDecoderStateMachine #1] WARNING: 242cdb04e1628242631057	mozrunner::runner	INFO	Running command: "C:\\Program Files\\Mozilla Firefox\\firefox.exe" [Child 9320, MediaDecoderStateMachine #1] WARNING: 242d673fc80 Could not set cubeb stream name.: file /builds/worker/checkouts/gecko/dom/media/AudioStream.cpp:367
[Child 9320, MediaDecoderStateMachine #1] WARNING: 242d673fc80 Could not set cubeb stream name.: file /builds/worker/checkouts/gecko/dom/media/AudioStream.cpp:367
[Child 9320, MediaDecoderStateMachine #1] WARNING: 242d673fc80 Could not set cubeb stream name.: file /builds/worker/checkouts/gecko/dom/media/AudioStream.cpp:367
[Child 9320, MediaDecoderStateMachine #1] WARNING: 242d43b82e0 Could not set cubeb stream name.: file /builds/worker/checkouts/gecko/dom/media/AudioStream.cpp:367
[Child 9320, MediaDecoderStateMachine #1] WARNING: 242d43b82e0 Could not set cubeb stream name.: file /builds/worker/checkouts/gecko/dom/media/AudioStream.cpp:367
[Child 9320, MediaDecoderStateMachine #1] WARNING: 242d43b8120 Could not set cubeb stream name.: file /builds/worker/checkouts/gecko/dom/media/AudioStream.cpp:367
[Child 9320, MediaDecoderStateMachine #1] WARNING: 242d43b8120 Could not set cubeb stream name.: file /builds/worker/checkouts/gecko/dom/media/AudioStream.cpp:367
[Child 9320, MediaDecoderStateMachine #1] WARNING: 242d43b8120 Could not set cubeb stream name.: file /builds/worker/checkouts/gecko/dom/media/AudioStream.cpp:367
[Child 9320, MediaDecoderStateMachine #1] WARNING: 242d43b8120 Could not set cubeb stream name.: file /builds/worker/checkouts/gecko/dom/media/AudioStream.cpp:367
[Child 9320, MediaDecoderStateMachine #1] WARNING: 242d43b8120 Could not set cubeb stream name.: file /builds/worker/checkouts/gecko/dom/media/AudioStream.cpp:367
[Child 9320, MediaDecoderStateMachine #1] WARNING: 242d43b8120 Could not set cubeb stream name.: file /builds/worker/checkouts/gecko/dom/media/AudioStream.cpp:367
[Child 9320, MediaDecoderStateMachine #1] WARNING: 242d43b8120 Could not set cubeb stream name.: file /builds/worker/checkouts/gecko/dom/media/AudioStream.cpp:367
[Child 9320, MediaDecoderStateMachine #1] WARNING: 242d43b8120 Could not set cubeb stream name.: file /builds/worker/checkouts/gecko/dom/media/AudioStream.cpp:367
[Child 9320, MediaDecoderStateMachine #1] WARNING: 242d43b8120 Could not set cubeb stream name.: file /builds/worker/checkouts/gecko/dom/media/AudioStream.cpp:367
[Child 9320, MediaDecoderStateMachine #1] WARNING: 242d43b8120 Could not set cubeb stream name.: file /builds/worker/checkouts/gecko/dom/media/AudioStream.cpp:367
[Child 9320, MediaDecoderStateMachine #1] WARNING: 242d43b8120 Could not set cubeb stream name.: file /builds/worker/checkouts/gecko/dom/media/AudioStream.cpp:367
[Child 9320, MediaDecoderStateMachine #1] WARNING: 242d43b8120 Could not set cubeb stream name.: file /builds/worker/checkouts/gecko/dom/media/AudioStream.cpp:367
[Child 9320, MediaDecoderStateMachine #1] WARNING: 242d43b8120 Could not set cubeb stream name.: file /builds/worker/checkouts/gecko/dom/media/AudioStream.cpp:367
[Child 9320, MediaDecoderStateMachine #1] WARNING: 242d43b8120 Could not set cubeb stream name.: file /builds/worker/checkouts/gecko/dom/media/AudioStream.cpp:367
console.error: services.settings: 
  main/doh-providers Signature failed  InvalidSignatureError: Invalid content signature (main/doh-providers)
console.error: services.settings: 
  main/doh-providers local data was corrupted
console.warn: services.settings: main/doh-providers Signature verified failed. Retry from scratch
console.error: services.settings: 
  main/doh-config Signature failed  InvalidSignatureError: Invalid content signature (main/doh-config)
console.error: services.settings: 
  main/doh-config local data was corrupted
console.warn: services.settings: main/doh-config Signature verified failed. Retry from scratch
[Child 9320, MediaDecoderStateMachine #1] WARNING: 242d43b8120 Could not set cubeb stream name.: file /builds/worker/checkouts/gecko/dom/media/AudioStream.cpp:367
[Child 9320, MediaDecoderStateMachine #1] WARNING: 242d43b8120 Could not set cubeb stream name.: file /builds/worker/checkouts/gecko/dom/media/AudioStream.cpp:367
[Child 9320, MediaDecoderStateMachine #1] WARNING: 242d43b8120 Could not set cubeb stream name.: file /builds/worker/checkouts/gecko/dom/media/AudioStream.cpp:367
[Child 9320, MediaDecoderStateMachine #1] WARNING: 242d43b8120 Could not set cubeb stream name.: file /builds/worker/checkouts/gecko/dom/media/AudioStream.cpp:367
[Child 9320, MediaDecoderStateMachine #1] WARNING: 242d43b8120 Could not set cubeb stream name.: file /builds/worker/checkouts/gecko/dom/media/AudioStream.cpp:367
[Child 9320, MediaDecoderStateMachine #1] WARNING: 242d43b8120 Could not set cubeb stream name.: file /builds/worker/checkouts/gecko/dom/media/AudioStream.cpp:367
[Child 9320, MediaDecoderStateMachine #1] WARNING: 242d43b8120 Could not set cubeb stream name.: file /builds/worker/checkouts/gecko/dom/media/AudioStream.cpp:367
console.log: WebExtensions: reset[Child 13960, MediaDecoderStateMachine #1] WARNING: 1f064602580 Could not set cubeb stream name.: file /builds/worker/checkouts/gecko/dom/media/AudioStream.cpp:367
console.error: services.settings: 
  main/doh-providers Signature failed  InvalidSignatureError: Invalid content signature (main/doh-providers)
console.error: services.settings: 
  main/doh-providers local data was corrupted
console.warn: services.settings: main/doh-providers Signature verified failed. Retry from scratch
console.error: services.settings: 
  main/doh-config Signature failed  InvalidSignatureError: Invalid content signature (main/doh-config)
console.error: services.settings: 
  main/doh-config local data was corrupted
console.warn: services.settings: main/doh-config Signature verified failed. Retry from scratch

###!!! [Child][RunMessage] Error: Channel closing: too late to send/recv, messages will be lost

1628243435247	Marionette	INFO	Stopped listening on port 57090
 #1] WARNING: 242d43b8120 Could not set cubeb stream name.: file /builds/worker/checkouts/gecko/dom/media/AudioStream.cpp:367
[Child 9320, MediaDecoderStateMachine #1] WARNING: 242d43b8120 Could not set cubeb stream name.: file /builds/worker/checkouts/gecko/dom/media/AudioStream.cpp:367
[Child 9320, MediaDecoderStateMachine #1] WARNING: 242d43b8120 Could not set cubeb stream name.: file /builds/worker/checkouts/gecko/dom/media/AudioStream.cpp:367
[Child 9320, MediaDecoderStateMachine #1] WARNING: 242d43b8120 Could not set cubeb stream name.: file /builds/worker/checkouts/gecko/dom/media/AudioStream.cpp:367
[Child 9320, MediaDecoderStateMachine #1] WARNING: 242d43b8120 Could not set cubeb stream name.: file /builds/worker/checkouts/gecko/dom/media/AudioStream.cpp:367
[Child 9320, MediaDecoderStateMachine #1] WARNING: 242d43b8120 Could not set cubeb stream name.: file /builds/worker/checkouts/gecko/dom/media/AudioStream.cpp:367
[Child 9320, MediaDecoderStateMachine #1] WARNING: 242d43b8120 Could not set cubeb stream name.: file /builds/worker/checkouts/gecko/dom/media/AudioStream.cpp:367
[Child 9320, MediaDecoderStateMachine #1] WARNING: 242d43b8120 Could not set cubeb stream name.: file /builds/worker/checkouts/gecko/dom/media/AudioStream.cpp:367
[Child 9320, MediaDecoderStateMachine #1] WARNING: 242d43b8120 Could not set cubeb stream name.: file /builds/worker/checkouts/gecko/dom/media/AudioStream.cpp:367
[Child 9320, MediaDecoderStateMachine #1] WARNING: 242d43b8120 Could not set cubeb stream name.: file /builds/worker/checkouts/gecko/dom/media/AudioStream.cpp:367
[Child 9320, MediaDecoderStateMachine #1] WARNING: 242cdb04ac0 Could not set cubeb stream name.: file /builds/worker/checkouts/gecko/dom/media/AudioStream.cpp:367
[Child 9320, MediaDecoderStateMachine #1] WARNING: 242cdb04ac0 Could not set cubeb stream name.: file /builds/worker/checkouts/gecko/dom/media/AudioStream.cpp:367
[Child 9320, MediaDecoderStateMachine #1] WARNING: 242cdb04ac0 Could not set cubeb stream name.: file /builds/worker/checkouts/gecko/dom/media/AudioStream.cpp:367
[Child 9320, MediaDecoderStateMachine #1] WARNING: 242cdb04ac0 Could not set cubeb stream name.: file /builds/worker/checkouts/gecko/dom/media/AudioStream.cpp:367
[Child 9320, MediaDecoderStateMachine #1] WARNING: 242cdb04ac0 Could not set cubeb stream name.: file /builds/worker/checkouts/gecko/dom/media/AudioStream.cpp:367
[Child 9320, MediaDecoderStateMachine #1] WARNING: 242cdb04ac0 Could not set cubeb stream name.: file /builds/worker/checkouts/gecko/dom/media/AudioStream.cpp:367

###!!! [Child][RunMessage] Error: Channel closing: too late to send/recv, messages will be lost


###!!! [Child][RunMessage] Error: Channel closing: too late to send/recv, messages will be lost


###!!! [Child][RunMessage] Error: Channel closing: too late to send/recv, messages will be lost

1628243425792	Marionette	INFO	Stopped listening on port 56620
z4", (void 0)))
1628243421335	Marionette	INFO	Listening on port 57330
1628243421714	Marionette	WARN	TLS certificate errors will be ignored for this session

###!!! [Parent][MessageChannel] Error: (msgtype=0x390079,name=PContent::Msg_DestroyBrowsingContextGroup) Closed channel: cannot send/recv

[Parent 15200, IPC I/O Parent] WARNING: file /builds/worker/checkouts/gecko/ipc/chromium/src/base/process_util_win.cc:167
1628243502768	Marionette	INFO	Stopped listening on port 57330
1628243709973	geckodriver	INFO	Listening on 127.0.0.1:57484
1628243713001	mozrunner::runner	INFO	Running command: "C:\\Program Files\\Mozilla Firefox\\firefox.exe" "--marionette" "-foreground" "-no-remote" "-profile" "C:\\Users\\Asus\\AppData\\Local\\Temp\\rust_mozprofileje7GnV"
1628243713433	Marionette	INFO	Marionette enabled
console.warn: SearchSettings: "get: No settings file exists, new profile?" (new NotFoundError("Could not open the file at C:\\Users\\Asus\\AppData\\Local\\Temp\\rust_mozprofileje7GnV\\search.json.mozlz4", (void 0)))
1628243716274	Marionette	INFO	Listening on port 57493
1628243716703	Marionette	WARN	TLS certificate errors will be ignored for this session
console.error: services.settings: 
  main/doh-providers Signature failed  InvalidSignatureError: Invalid content signature (main/doh-providers)
console.error: services.settings: 
  main/doh-providers local data was corrupted
console.warn: services.settings: main/doh-providers Signature verified failed. Retry from scratch
console.error: services.settings: 
  main/doh-config Signature failed  InvalidSignatureError: Invalid content signature (main/doh-config)
console.error: services.settings: 
  main/doh-config local data was corrupted
console.warn: services.settings: main/doh-config Signature verified failed. Retry from scratch
console.log: WebExtensions: reset-default-search: starting.
console.log: WebExtensions: reset-default-search: No addons in our list are installed.

###!!! [Parent][RunMessage] Error: Channel closing: too late to send/recv, messages will be lost

1628247959623	Marionette	INFO	Stopped listening on port 57493
fox\\firefox.exe" "--marionette" "-foreground" "-no-remote" "-profile" "C:\\Users\\Asus\\AppData\\Local\\Temp\\rust_mozprofile1eLWMp"
1628244134962	Marionette	INFO	Marionette enabled
console.warn: SearchSettings: "get: No settings file exists, new profile?" (new NotFoundError("Could not open the file at C:\\Users\\Asus\\AppData\\Local\\Temp\\rust_mozprofile1eLWMp\\search.json.mozlz4", (void 0)))
1628244137669	Marionette	INFO	Listening on port 57748
1628244137719	Marionette	WARN	TLS certificate errors will be ignored for this session
console.error: services.settings: 
  main/doh-providers Signature failed  InvalidSignatureError: Invalid content signature (main/doh-providers)
console.error: services.settings: 
  main/doh-providers local data was corrupted
console.warn: services.settings: main/doh-providers Signature verified failed. Retry from scratch
console.error: services.settings: 
  main/doh-config Signature failed  InvalidSignatureError: Invalid content signature (main/doh-config)
console.error: services.settings: 
  main/doh-config local data was corrupted
console.warn: services.settings: main/doh-config Signature verified failed. Retry from scratch
console.log: WebExtensions: reset-default-search: starting.
console.log: WebExtensions: reset-default-search: No addons in our list are installed.

###!!! [Parent][RunMessage] Error: Channel closing: too late to send/recv, messages will be lost


###!!! [Child][RunMessage] Error: Channel closing: too late to send/recv, messages will be lost

1628247960610	Marionette	INFO	Stopped listening on port 57748

###!!! [Child][RunMessage] Error: Channel closing: too late to send/recv, messages will be lost

w NotFoundError("Could not open the file at C:\\Users\\Asus\\AppData\\Local\\Temp\\rust_mozprofilejbFSSV\\search.json.mozlz4", (void 0)))
1628244347778	Marionette	INFO	Listening on port 60769
1628244348076	Marionette	WARN	TLS certificate errors will be ignored for this session
1628244377015	Marionette	INFO	Stopped listening on port 60769

###!!! [Child][RunMessage] Error: Channel closing: too late to send/recv, messages will be lost

1628244439804	geckodriver	INFO	Listening on 127.0.0.1:60835
1628244442877	mozrunner::runner	INFO	Running command: "C:\\Program Files\\Mozilla Firefox\\firefox.exe" "--marionette" "-foreground" "-no-remote" "-profile" "C:\\Users\\Asus\\AppData\\Local\\Temp\\rust_mozprofileikMaqw"
1628244443326	Marionette	INFO	Marionette enabled
console.warn: SearchSettings: "get: No settings file exists, new profile?" (new NotFoundError("Could not open the file at C:\\Users\\Asus\\AppData\\Local\\Temp\\rust_mozprofileikMaqw\\search.json.mozlz4", (void 0)))
1628244446409	Marionette	INFO	Listening on port 60843
1628244446602	Marionette	WARN	TLS certificate errors will be ignored for this session
1628244465579	Marionette	INFO	Stopped listening on port 60841628244466915	mozrunner::runner	INFO	Running command: "C:\\Program Files\\Mozilla Firefox\\firefox.exe" "--marionette" "-foreground" "-no-remote" "-profile" "C:\\Users\\Asus\\AppData\\Local\\Temp\\rust_mozprofilebdb9Gj"
1628244467382	Marionette	INFO	Marionette enabled
console.warn: SearchSettings: "get: No settings file exists, new profile?" (new NotFoundError("Could not open the file at C:\\Users\\Asus\\AppData\\Local\\Temp\\rust_mozprofilebdb9Gj\\search.json.mozlz4", (void 0)))
1628244470794	Marionette	INFO	Listening on port 60916
1628244471139	Marionette	WARN	TLS certificate errors will be ignored for this session
1628244518400	Marionette	INFO	Stopped listening on port 60911628244521078	mozrunner::runner	INFO	Running command: "C:\\Program Files\\Mozilla Firefox\\firefox.exe" "--marionette" "-foreground" "-no-remote" "-profile" "C:\\Users\\Asus\\AppData\\Local\\Temp\\rust_mozprofile3oBD1Z"
1628244521552	Marionette	INFO	Marionette enabled
console.warn: SearchSettings: "get: No settings file exists, new profile?" (new NotFoundError("Could not open the file at C:\\Users\\Asus\\AppData\\Local\\Temp\\rust_mozprofile3oBD1Z\\search.json.mozlz4", (void 0)))
1628244524592	Marionette	INFO	Listening on port 60996
1628244524782	Marionette	WARN	TLS certificate errors will be ignored for this session
A content process crashed and MOZ_CRASHREPORTER_SHUTDOWN is set, shutting down

###!!! [Parent][MessageChannel] Error: (msgtype=0x390147,name=PContent::Msg_AsyncMessage) Channel error: cannot send/recv


###!!! [Parent][MessageChannel] Error: (msgtype=0x390147,name=PContent::Msg_AsyncMessage) Channel error: cannot send/recv

A content process crashed and MOZ_CRASHREPORTER_SHUTDOWN is set, shutting down
1628244657069	geckodriver	INFO	Listening on 127.0.0.1:61090
1628244772121	geckodriver	INFO	Listening on 127.0.0.1:61111
1628244835095	geckodriver	INFO	Listening on 127.0.0.1:61118
1628246303075	geckodriver	INFO	Listening on 127.0.0.1:61267
1628246325392	geckodriver	INFO	Listening on 127.0.0.1:61274
1628246328449	mozrunner::runner	INFO	Running command: "C:\\Program Files\\Mozilla Firefox\\firefox.exe" "--marionette" "-foreground" "-no-remote" "-profile" "C:\\Users\\Asus\\AppData\\Local\\Temp\\rust_mozprofilenYPo9o"
1628246328811	Marionette	INFO	Marionette enabled
console.warn: SearchSettings: "get: No settings file exists, new profile?" (new NotFoundError("Could not open the file at C:\\Users\\Asus\\AppData\\Local\\Temp\\rust_mozprofilenYPo9o\\search.json.mozlz4", (void 0)))
1628246331736	Marionette	INFO	Listening on port 61282
1628246332183	Marionette	WARN	TLS certificate errors will be ignored for this session
JavaScript error: chrome://marionette/content/driver.js, line 2245: NS_ERROR_ILLEGAL_VALUE: Component returned failure code: 0x80070057 (NS_ERROR_ILLEGAL_VALUE) [nsIObserverService.removeObserver]
1628246332372	Marionette	INFO	Stopped listening on port 61282
1628246364499	geckodriver	INFO	Listening on 127.0.0.1:61308
1628246367548	mozrunner::runner	INFO	Running command: "C:\\Program Files\\Mozilla Firefox\\firefox.exe" "--marionette" "-foreground" "-no-remote" "-profile" "C:\\Users\\Asus\\AppData\\Local\\Temp\\rust_mozprofilefRhfXL"
1628246367927	Marionette	INFO	Marionette enabled
console.warn: SearchSettings: "get: No settings file exists, new profile?" (new NotFoundError("Could not open the file at C:\\Users\\Asus\\AppData\\Local\\Temp\\rust_mozprofilefRhfXL\\search.json.mozlz4", (void 0)))
1628246370532	Marionette	INFO	Listening on port 61316
1628246370736	Marionette	WARN	TLS certificate errors will be ignored for this session
console.error: services.settings: 
  main/doh-providers Signature failed  InvalidSignatureError: Invalid content signature (main/doh-providers)
console.error: services.settings: 
  main/doh-providers local data was corrupted
console.warn: services.settings: main/doh-providers Signature verified failed. Retry from scratch
console.error: services.settings: 
  main/doh-config Signature failed  InvalidSignatureError: Invalid content signature (main/doh-config)
console.error: services.settings: 
  main/doh-config local data was corrupted
console.warn: services.settings: main/doh-config Signature verified failed. Retry from scratch
console.log: WebExtensions: reset-default-seaconsole.error: services.settings: 
  main/doh-providers Signature failed  InvalidSignatureError: Invali
###!!! [Parent][MessageChannel] Error: (msgtype=0x390079,name=PContent::Msg_DestroyBrowsingContextGroup) Closed channel: cannot send/recv

1628247961828	Marionette	INFO	Stopped listening on port 61316
try from scratch
console.error: services.settings: 
  main/doh-config Signature failed  InvalidSignatureError: Invalid content signature (main/doh-config)
console.error: services.settings: 
  main/doh-config local data was corrupted
console.warn: services.settings: main/doh-config Signature verified failed. Retry from scratch
console.log: WebExtensions: reset-default-seaconsole.error: services.settings: 
  main/doh-providers Signature failed  InvalidSignatureError: Invali1628247963054	Marionette	INFO	Stopped listening on port 56717
es.settings: 
  main/doh-providers local data was corrupted
console.warn: services.settings: main/doh-providers Signature verified failed. Retry from scratch
console.error: services.settings: 
  main/doh-config Signature failed  InvalidSignatureError: Invalid content signature (main/doh-config)
console.error: services.settings: 
  main/doh-config local data was corrupted
console.warn: services.settings: main/doh-config Signature verified failed. Retry from scratch
console.log: WebExtensions: reset-default-search: starting.
console.log: WebExtensions: reset-default-search: No addons in our list are installed.

###!!! [Child][RunMessage] Error: Channel closing: too late to send/recv, messages will be lost

1628247964094	Marionette	INFO	Stopped listening on port 56862

###!!! [Child][RunMessage] Error: Channel closing: too late to send/recv, messages will be lost

/recv


###!!! [Child][RunMessage] Error: Channel closing: too late to send/recv, messages will be lost


###!!! [Child][RunMessage] Error: Channel closing: too late to send/recv, messages will be lost

1628246940702	Marionette	INFO	Stopped listening on port 56959
1628247135423	geckodriver	INFO	Listening on 127.0.0.1:57138
1628247138450	mozrunner::runner	INFO	Running command: "C:\\Program Files\\Mozilla Firefox\\firefox.exe" "--marionette" "-foreground" "-no-remote" "-profile" "C:\\Users\\Asus\\AppData\\Local\\Temp\\rust_mozprofileAOmkOc"
1628247138967	Marionette	INFO	Marionette enabled
console.warn: SearchSettings: "get: No settings file exists, new profile?" (new NotFoundError("Could not open the file at C:\\Users\\Asus\\AppData\\Local\\Temp\\rust_mozprofileAOmkOc\\search.json.mozlz4", (void 0)))
1628247142565	Marionette	INFO	Listening on port 57146
1628247142685	Marionette	WARN	TLS certificate errors will be ignored for this session
1628247204347	Marionette	INFO	Stopped listening on port 57146
1628247225301	geckodriver	INFO	Listening on 127.0.0.1:57244
1628247228332	mozrunner::runner	INFO	Running command: "C:\\Program Files\\Mozilla Firefox\\firefox.exe" "--marionette" "-foreground" "-no-remote" "-profile" "C:\\Users\\Asus\\AppData\\Local\\Temp\\rust_mozprofileuXlzhB"
1628247228798	Marionette	INFO	Marionette enabled
console.warn: SearchSettings: "get: No settings file exists, new profile?" (new NotFoundError("Could not open the file at C:\\Users\\Asus\\AppData\\Local\\Temp\\rust_mozprofileuXlzhB\\search.json.mozlz4", (void 0)))
1628247231767	Marionette	INFO	Listening on port 57252
1628247232058	Marionette	WARN	TLS certificate errors will be ignored for this session
console.error: services.settings: 
  main/doh-providers Signature failed  InvalidSignatureError: Invalid content signature (main/doh-providers)
console.error: services.settings: 
  main/doh-providers local data was corrupted
console.warn: services.settings: main/doh-providers Signature verified failed. Retry from scratch
console.error: services.settings: 
  main/doh-config Signature failed  InvalidSignatureError: Invalid content signature (main/doh-config)
console.error: services.settings: 
  main/doh-config local data was corrupted
console.warn: services.settings: main/doh-config Signature verified failed. Retry from scratch
console.log: WebExtensions: reset-default-search: starting.
console.log: WebExtensions: reset-default-search: No addons in our list are installed.
1628247965522	Marionette	INFO	Stopped listening on port 57252

###!!! [Child][RunMessage] Error: Channel closing: too late to send/recv, messages will be lost

 "-profile" "C:\\Users\\Asus\\AppData\\Local\\Temp\\rust_mozprofilefLLs7d"
1628247446462	Marionette	INFO	Marionette enabled
console.warn: SearchSettings: "get: No settings file exists, new profile?" (new NotFoundError("Could not open the file at C:\\Users\\Asus\\AppData\\Local\\Temp\\rust_mozprofilefLLs7d\\search.json.mozlz4", (void 0)))
1628247454955	Marionette	INFO	Listening on port 57491
console.error: Region.jsm: "Error fetching region" (new Error("TIMEOUT", "resource://gre/modules/Region.jsm", 772))
console.error: Region.jsm: "Failed to fetch region" (new Error("TIMEOUT", "resource://gre/modules/Region.jsm", 419))
1628247456348	Marionette	WARN	TLS certificate errors will be ignored for this session

###!!! [Parent][MessageChannel] Error: (msgtype=0x390079,name=PContent::Msg_DestroyBrowsingContextGroup) Closed channel: cannot send/recv

1628247532269	Marionette	INFO	Stopped listening on port 57491

###!!! [Child][RunMessage] Error: Channel closing: too late to send/recv, messages will be lost

